{"name": "Клик по кнопке \"Услуги\"", "status": "broken", "statusDetails": {"message": "selenium.common.exceptions.NoSuchWindowException: Message: no such window: target window already closed\nfrom unknown error: web view not found\n  (Session info: chrome=135.0.7049.114)\nStacktrace:\n\tGetHandleVerifier [0x00007FF6307AEFA5+77893]\n\tGetHandleVerifier [0x00007FF6307AF000+77984]\n\t(No symbol) [0x00007FF6305791BA]\n\t(No symbol) [0x00007FF630551B63]\n\t(No symbol) [0x00007FF6305FE92E]\n\t(No symbol) [0x00007FF63061E972]\n\t(No symbol) [0x00007FF6305F6F03]\n\t(No symbol) [0x00007FF6305C0328]\n\t(No symbol) [0x00007FF6305C1093]\n\tGetHandleVerifier [0x00007FF630A67B6D+2931725]\n\tGetHandleVerifier [0x00007FF630A62132+2908626]\n\tGetHandleVerifier [0x00007FF630A800F3+3031443]\n\tGetHandleVerifier [0x00007FF6307C91EA+184970]\n\tGetHandleVerifier [0x00007FF6307D086F+215311]\n\tGetHandleVerifier [0x00007FF6307B6EC4+110436]\n\tGetHandleVerifier [0x00007FF6307B7072+110866]\n\tGetHandleVerifier [0x00007FF63079D479+5401]\n\tBaseThreadInitThunk [0x00007FFA0161E8D7+23]\n\tRtlUserThreadStart [0x00007FFA01F6C53C+44]", "trace": "self = <test_navigation.TestMainPage object at 0x0000023C0C95D310>, driver = <selenium.webdriver.chrome.webdriver.WebDriver (session=\"59a6a16bb9c2406d4ed31436d0a28725\")>\n\n    @allure.title('Клик по кнопке \"Услуги\"')\n    @allure.description('На странице ищем кнопку \"Услуги\" и проверяем, что клик по кнопке переводит на нужную секуцию страницы')\n    def test_opens_services_section(self, driver):\n        main = MainPage(driver)\n>       main.services_button_header_click()\n\ntests\\test_navigation.py:21: \n_ _ _ _ _ _ _ _ _ _ _ _ _ _ _ _ _ _ _ _ _ _ _ _ _ _ _ _ _ _ _ _ _ _ _ _ _ _ _ _ _ _ _ _ _ _ _ _ _ _ _ _ _ _ _ _ _ _ _ _ _ _ _ _ _ _ _ _ _ _ _ _ _ _ _ _ _ _ _ _ _ _ _ _ _ _ _ _ _ _ _ _ _ _ _ _ _ _ _ _ _ _ _ _ _ _ _ _ _ _ _ _ _ _ _ _ _ _ _ _ _ _ _ _ _ _ _ _ _ _ _ _ _ _ _ _ _ _ _ _ _ _ _ _ _ _ _ _ _ _ _ _ _ _ _ _ _ _ _ _ _ _ _ _ _ _ _ _ _ _ _ _ _ _ _ _ _ _ _ _ _ _ _ _ _ _ _ _ _ _ _ _ _ _ _ _ _ _ _ _ _ _ _ _ _ _ _ _ _\npages\\main_page.py:13: in services_button_header_click\n    self.click(Locators.services_button)\npages\\base_page.py:37: in click\n    button = self.wait_until_element_is_clickable(locator)\n             ^^^^^^^^^^^^^^^^^^^^^^^^^^^^^^^^^^^^^^^^^^^^^\npages\\base_page.py:51: in wait_until_element_is_clickable\n    WebDriverWait(self.driver, 10).until(expected_conditions.presence_of_element_located(locator))\n.venv\\Lib\\site-packages\\selenium\\webdriver\\support\\wait.py:129: in until\n    value = method(self._driver)\n            ^^^^^^^^^^^^^^^^^^^^\n.venv\\Lib\\site-packages\\selenium\\webdriver\\support\\expected_conditions.py:104: in _predicate\n    return driver.find_element(*locator)\n           ^^^^^^^^^^^^^^^^^^^^^^^^^^^^^\n.venv\\Lib\\site-packages\\selenium\\webdriver\\remote\\webdriver.py:926: in find_element\n    return self.execute(Command.FIND_ELEMENT, {\"using\": by, \"value\": value})[\"value\"]\n           ^^^^^^^^^^^^^^^^^^^^^^^^^^^^^^^^^^^^^^^^^^^^^^^^^^^^^^^^^^^^^^^^^\n.venv\\Lib\\site-packages\\selenium\\webdriver\\remote\\webdriver.py:458: in execute\n    self.error_handler.check_response(response)\n_ _ _ _ _ _ _ _ _ _ _ _ _ _ _ _ _ _ _ _ _ _ _ _ _ _ _ _ _ _ _ _ _ _ _ _ _ _ _ _ _ _ _ _ _ _ _ _ _ _ _ _ _ _ _ _ _ _ _ _ _ _ _ _ _ _ _ _ _ _ _ _ _ _ _ _ _ _ _ _ _ _ _ _ _ _ _ _ _ _ _ _ _ _ _ _ _ _ _ _ _ _ _ _ _ _ _ _ _ _ _ _ _ _ _ _ _ _ _ _ _ _ _ _ _ _ _ _ _ _ _ _ _ _ _ _ _ _ _ _ _ _ _ _ _ _ _ _ _ _ _ _ _ _ _ _ _ _ _ _ _ _ _ _ _ _ _ _ _ _ _ _ _ _ _ _ _ _ _ _ _ _ _ _ _ _ _ _ _ _ _ _ _ _ _ _ _ _ _ _ _ _ _ _ _ _ _ _ _\n\nself = <selenium.webdriver.remote.errorhandler.ErrorHandler object at 0x0000023C0C95EAD0>, response = {'status': 404, 'value': '{\"value\":{\"error\":\"no such window\",\"message\":\"no such window: target window already closed\\\\...3079D479+5401]\\\\n\\\\tBaseThreadInitThunk [0x00007FFA0161E8D7+23]\\\\n\\\\tRtlUserThreadStart [0x00007FFA01F6C53C+44]\\\\n\"}}'}\n\n    def check_response(self, response: dict[str, Any]) -> None:\n        \"\"\"Checks that a JSON response from the WebDriver does not have an\n        error.\n    \n        Args:\n            response: The JSON response from the WebDriver server as a dictionary\n                object.\n    \n        Raises:\n            WebDriverException: If the response contains an error message.\n        \"\"\"\n        status = response.get(\"status\", None)\n        if not status or status == ErrorCode.SUCCESS:\n            return\n        value = None\n        message = response.get(\"message\", \"\")\n        screen: str = response.get(\"screen\", \"\")\n        stacktrace = None\n        if isinstance(status, int):\n            value_json = response.get(\"value\", None)\n            if value_json and isinstance(value_json, str):\n                try:\n                    value = json.loads(value_json)\n                    if isinstance(value, dict):\n                        if len(value) == 1:\n                            value = value[\"value\"]\n                        status = value.get(\"error\", None)\n                        if not status:\n                            status = value.get(\"status\", ErrorCode.UNKNOWN_ERROR)\n                            message = value.get(\"value\") or value.get(\"message\")\n                            if not isinstance(message, str):\n                                value = message\n                                message = message.get(\"message\") if isinstance(message, dict) else None\n                        else:\n                            message = value.get(\"message\", None)\n                except ValueError:\n                    pass\n    \n        exception_class: type[WebDriverException]\n        e = ErrorCode()\n        error_codes = [item for item in dir(e) if not item.startswith(\"__\")]\n        for error_code in error_codes:\n            error_info = getattr(ErrorCode, error_code)\n            if isinstance(error_info, list) and status in error_info:\n                exception_class = getattr(ExceptionMapping, error_code, WebDriverException)\n                break\n        else:\n            exception_class = WebDriverException\n    \n        if not value:\n            value = response[\"value\"]\n        if isinstance(value, str):\n            raise exception_class(value)\n        if message == \"\" and \"message\" in value:\n            message = value[\"message\"]\n    \n        screen = None  # type: ignore[assignment]\n        if \"screen\" in value:\n            screen = value[\"screen\"]\n    \n        stacktrace = None\n        st_value = value.get(\"stackTrace\") or value.get(\"stacktrace\")\n        if st_value:\n            if isinstance(st_value, str):\n                stacktrace = st_value.split(\"\\n\")\n            else:\n                stacktrace = []\n                try:\n                    for frame in st_value:\n                        line = frame.get(\"lineNumber\", \"\")\n                        file = frame.get(\"fileName\", \"<anonymous>\")\n                        if line:\n                            file = f\"{file}:{line}\"\n                        meth = frame.get(\"methodName\", \"<anonymous>\")\n                        if \"className\" in frame:\n                            meth = f\"{frame['className']}.{meth}\"\n                        msg = \"    at %s (%s)\"\n                        msg = msg % (meth, file)\n                        stacktrace.append(msg)\n                except TypeError:\n                    pass\n        if exception_class == UnexpectedAlertPresentException:\n            alert_text = None\n            if \"data\" in value:\n                alert_text = value[\"data\"].get(\"text\")\n            elif \"alert\" in value:\n                alert_text = value[\"alert\"].get(\"text\")\n            raise exception_class(message, screen, stacktrace, alert_text)  # type: ignore[call-arg]  # mypy is not smart enough here\n>       raise exception_class(message, screen, stacktrace)\nE       selenium.common.exceptions.NoSuchWindowException: Message: no such window: target window already closed\nE       from unknown error: web view not found\nE         (Session info: chrome=135.0.7049.114)\nE       Stacktrace:\nE       \tGetHandleVerifier [0x00007FF6307AEFA5+77893]\nE       \tGetHandleVerifier [0x00007FF6307AF000+77984]\nE       \t(No symbol) [0x00007FF6305791BA]\nE       \t(No symbol) [0x00007FF630551B63]\nE       \t(No symbol) [0x00007FF6305FE92E]\nE       \t(No symbol) [0x00007FF63061E972]\nE       \t(No symbol) [0x00007FF6305F6F03]\nE       \t(No symbol) [0x00007FF6305C0328]\nE       \t(No symbol) [0x00007FF6305C1093]\nE       \tGetHandleVerifier [0x00007FF630A67B6D+2931725]\nE       \tGetHandleVerifier [0x00007FF630A62132+2908626]\nE       \tGetHandleVerifier [0x00007FF630A800F3+3031443]\nE       \tGetHandleVerifier [0x00007FF6307C91EA+184970]\nE       \tGetHandleVerifier [0x00007FF6307D086F+215311]\nE       \tGetHandleVerifier [0x00007FF6307B6EC4+110436]\nE       \tGetHandleVerifier [0x00007FF6307B7072+110866]\nE       \tGetHandleVerifier [0x00007FF63079D479+5401]\nE       \tBaseThreadInitThunk [0x00007FFA0161E8D7+23]\nE       \tRtlUserThreadStart [0x00007FFA01F6C53C+44]\n\n.venv\\Lib\\site-packages\\selenium\\webdriver\\remote\\errorhandler.py:233: NoSuchWindowException"}, "description": "На странице ищем кнопку \"Услуги\" и проверяем, что клик по кнопке переводит на нужную секуцию страницы", "steps": [{"name": "Клик по кнопке \"Услуги\"", "status": "broken", "statusDetails": {"message": "selenium.common.exceptions.NoSuchWindowException: Message: no such window: target window already closed\nfrom unknown error: web view not found\n  (Session info: chrome=135.0.7049.114)\nStacktrace:\n\tGetHandleVerifier [0x00007FF6307AEFA5+77893]\n\tGetHandleVerifier [0x00007FF6307AF000+77984]\n\t(No symbol) [0x00007FF6305791BA]\n\t(No symbol) [0x00007FF630551B63]\n\t(No symbol) [0x00007FF6305FE92E]\n\t(No symbol) [0x00007FF63061E972]\n\t(No symbol) [0x00007FF6305F6F03]\n\t(No symbol) [0x00007FF6305C0328]\n\t(No symbol) [0x00007FF6305C1093]\n\tGetHandleVerifier [0x00007FF630A67B6D+2931725]\n\tGetHandleVerifier [0x00007FF630A62132+2908626]\n\tGetHandleVerifier [0x00007FF630A800F3+3031443]\n\tGetHandleVerifier [0x00007FF6307C91EA+184970]\n\tGetHandleVerifier [0x00007FF6307D086F+215311]\n\tGetHandleVerifier [0x00007FF6307B6EC4+110436]\n\tGetHandleVerifier [0x00007FF6307B7072+110866]\n\tGetHandleVerifier [0x00007FF63079D479+5401]\n\tBaseThreadInitThunk [0x00007FFA0161E8D7+23]\n\tRtlUserThreadStart [0x00007FFA01F6C53C+44]\n\n", "trace": "  File \"C:\\Users\\volod\\efmobile-ui-tests\\efmobile-ui-tests\\.venv\\Lib\\site-packages\\allure_commons\\_allure.py\", line 202, in impl\n    return func(*a, **kw)\n  File \"C:\\Users\\volod\\efmobile-ui-tests\\efmobile-ui-tests\\pages\\main_page.py\", line 13, in services_button_header_click\n    self.click(Locators.services_button)\n    ~~~~~~~~~~^^^^^^^^^^^^^^^^^^^^^^^^^^\n  File \"C:\\Users\\volod\\efmobile-ui-tests\\efmobile-ui-tests\\.venv\\Lib\\site-packages\\allure_commons\\_allure.py\", line 202, in impl\n    return func(*a, **kw)\n  File \"C:\\Users\\volod\\efmobile-ui-tests\\efmobile-ui-tests\\pages\\base_page.py\", line 37, in click\n    button = self.wait_until_element_is_clickable(locator)\n  File \"C:\\Users\\volod\\efmobile-ui-tests\\efmobile-ui-tests\\.venv\\Lib\\site-packages\\allure_commons\\_allure.py\", line 202, in impl\n    return func(*a, **kw)\n  File \"C:\\Users\\volod\\efmobile-ui-tests\\efmobile-ui-tests\\pages\\base_page.py\", line 51, in wait_until_element_is_clickable\n    WebDriverWait(self.driver, 10).until(expected_conditions.presence_of_element_located(locator))\n    ~~~~~~~~~~~~~~~~~~~~~~~~~~~~~~~~~~~~^^^^^^^^^^^^^^^^^^^^^^^^^^^^^^^^^^^^^^^^^^^^^^^^^^^^^^^^^^\n  File \"C:\\Users\\volod\\efmobile-ui-tests\\efmobile-ui-tests\\.venv\\Lib\\site-packages\\selenium\\webdriver\\support\\wait.py\", line 129, in until\n    value = method(self._driver)\n  File \"C:\\Users\\volod\\efmobile-ui-tests\\efmobile-ui-tests\\.venv\\Lib\\site-packages\\selenium\\webdriver\\support\\expected_conditions.py\", line 104, in _predicate\n    return driver.find_element(*locator)\n           ~~~~~~~~~~~~~~~~~~~^^^^^^^^^^\n  File \"C:\\Users\\volod\\efmobile-ui-tests\\efmobile-ui-tests\\.venv\\Lib\\site-packages\\selenium\\webdriver\\remote\\webdriver.py\", line 926, in find_element\n    return self.execute(Command.FIND_ELEMENT, {\"using\": by, \"value\": value})[\"value\"]\n           ~~~~~~~~~~~~^^^^^^^^^^^^^^^^^^^^^^^^^^^^^^^^^^^^^^^^^^^^^^^^^^^^^\n  File \"C:\\Users\\volod\\efmobile-ui-tests\\efmobile-ui-tests\\.venv\\Lib\\site-packages\\selenium\\webdriver\\remote\\webdriver.py\", line 458, in execute\n    self.error_handler.check_response(response)\n    ~~~~~~~~~~~~~~~~~~~~~~~~~~~~~~~~~^^^^^^^^^^\n  File \"C:\\Users\\volod\\efmobile-ui-tests\\efmobile-ui-tests\\.venv\\Lib\\site-packages\\selenium\\webdriver\\remote\\errorhandler.py\", line 233, in check_response\n    raise exception_class(message, screen, stacktrace)\n"}, "steps": [{"name": "Кликаем по элементу с нужным локатором", "status": "broken", "statusDetails": {"message": "selenium.common.exceptions.NoSuchWindowException: Message: no such window: target window already closed\nfrom unknown error: web view not found\n  (Session info: chrome=135.0.7049.114)\nStacktrace:\n\tGetHandleVerifier [0x00007FF6307AEFA5+77893]\n\tGetHandleVerifier [0x00007FF6307AF000+77984]\n\t(No symbol) [0x00007FF6305791BA]\n\t(No symbol) [0x00007FF630551B63]\n\t(No symbol) [0x00007FF6305FE92E]\n\t(No symbol) [0x00007FF63061E972]\n\t(No symbol) [0x00007FF6305F6F03]\n\t(No symbol) [0x00007FF6305C0328]\n\t(No symbol) [0x00007FF6305C1093]\n\tGetHandleVerifier [0x00007FF630A67B6D+2931725]\n\tGetHandleVerifier [0x00007FF630A62132+2908626]\n\tGetHandleVerifier [0x00007FF630A800F3+3031443]\n\tGetHandleVerifier [0x00007FF6307C91EA+184970]\n\tGetHandleVerifier [0x00007FF6307D086F+215311]\n\tGetHandleVerifier [0x00007FF6307B6EC4+110436]\n\tGetHandleVerifier [0x00007FF6307B7072+110866]\n\tGetHandleVerifier [0x00007FF63079D479+5401]\n\tBaseThreadInitThunk [0x00007FFA0161E8D7+23]\n\tRtlUserThreadStart [0x00007FFA01F6C53C+44]\n\n", "trace": "  File \"C:\\Users\\volod\\efmobile-ui-tests\\efmobile-ui-tests\\.venv\\Lib\\site-packages\\allure_commons\\_allure.py\", line 202, in impl\n    return func(*a, **kw)\n  File \"C:\\Users\\volod\\efmobile-ui-tests\\efmobile-ui-tests\\pages\\base_page.py\", line 37, in click\n    button = self.wait_until_element_is_clickable(locator)\n  File \"C:\\Users\\volod\\efmobile-ui-tests\\efmobile-ui-tests\\.venv\\Lib\\site-packages\\allure_commons\\_allure.py\", line 202, in impl\n    return func(*a, **kw)\n  File \"C:\\Users\\volod\\efmobile-ui-tests\\efmobile-ui-tests\\pages\\base_page.py\", line 51, in wait_until_element_is_clickable\n    WebDriverWait(self.driver, 10).until(expected_conditions.presence_of_element_located(locator))\n    ~~~~~~~~~~~~~~~~~~~~~~~~~~~~~~~~~~~~^^^^^^^^^^^^^^^^^^^^^^^^^^^^^^^^^^^^^^^^^^^^^^^^^^^^^^^^^^\n  File \"C:\\Users\\volod\\efmobile-ui-tests\\efmobile-ui-tests\\.venv\\Lib\\site-packages\\selenium\\webdriver\\support\\wait.py\", line 129, in until\n    value = method(self._driver)\n  File \"C:\\Users\\volod\\efmobile-ui-tests\\efmobile-ui-tests\\.venv\\Lib\\site-packages\\selenium\\webdriver\\support\\expected_conditions.py\", line 104, in _predicate\n    return driver.find_element(*locator)\n           ~~~~~~~~~~~~~~~~~~~^^^^^^^^^^\n  File \"C:\\Users\\volod\\efmobile-ui-tests\\efmobile-ui-tests\\.venv\\Lib\\site-packages\\selenium\\webdriver\\remote\\webdriver.py\", line 926, in find_element\n    return self.execute(Command.FIND_ELEMENT, {\"using\": by, \"value\": value})[\"value\"]\n           ~~~~~~~~~~~~^^^^^^^^^^^^^^^^^^^^^^^^^^^^^^^^^^^^^^^^^^^^^^^^^^^^^\n  File \"C:\\Users\\volod\\efmobile-ui-tests\\efmobile-ui-tests\\.venv\\Lib\\site-packages\\selenium\\webdriver\\remote\\webdriver.py\", line 458, in execute\n    self.error_handler.check_response(response)\n    ~~~~~~~~~~~~~~~~~~~~~~~~~~~~~~~~~^^^^^^^^^^\n  File \"C:\\Users\\volod\\efmobile-ui-tests\\efmobile-ui-tests\\.venv\\Lib\\site-packages\\selenium\\webdriver\\remote\\errorhandler.py\", line 233, in check_response\n    raise exception_class(message, screen, stacktrace)\n"}, "steps": [{"name": "Ожидание доступности элемента для клика", "status": "broken", "statusDetails": {"message": "selenium.common.exceptions.NoSuchWindowException: Message: no such window: target window already closed\nfrom unknown error: web view not found\n  (Session info: chrome=135.0.7049.114)\nStacktrace:\n\tGetHandleVerifier [0x00007FF6307AEFA5+77893]\n\tGetHandleVerifier [0x00007FF6307AF000+77984]\n\t(No symbol) [0x00007FF6305791BA]\n\t(No symbol) [0x00007FF630551B63]\n\t(No symbol) [0x00007FF6305FE92E]\n\t(No symbol) [0x00007FF63061E972]\n\t(No symbol) [0x00007FF6305F6F03]\n\t(No symbol) [0x00007FF6305C0328]\n\t(No symbol) [0x00007FF6305C1093]\n\tGetHandleVerifier [0x00007FF630A67B6D+2931725]\n\tGetHandleVerifier [0x00007FF630A62132+2908626]\n\tGetHandleVerifier [0x00007FF630A800F3+3031443]\n\tGetHandleVerifier [0x00007FF6307C91EA+184970]\n\tGetHandleVerifier [0x00007FF6307D086F+215311]\n\tGetHandleVerifier [0x00007FF6307B6EC4+110436]\n\tGetHandleVerifier [0x00007FF6307B7072+110866]\n\tGetHandleVerifier [0x00007FF63079D479+5401]\n\tBaseThreadInitThunk [0x00007FFA0161E8D7+23]\n\tRtlUserThreadStart [0x00007FFA01F6C53C+44]\n\n", "trace": "  File \"C:\\Users\\volod\\efmobile-ui-tests\\efmobile-ui-tests\\.venv\\Lib\\site-packages\\allure_commons\\_allure.py\", line 202, in impl\n    return func(*a, **kw)\n  File \"C:\\Users\\volod\\efmobile-ui-tests\\efmobile-ui-tests\\pages\\base_page.py\", line 51, in wait_until_element_is_clickable\n    WebDriverWait(self.driver, 10).until(expected_conditions.presence_of_element_located(locator))\n    ~~~~~~~~~~~~~~~~~~~~~~~~~~~~~~~~~~~~^^^^^^^^^^^^^^^^^^^^^^^^^^^^^^^^^^^^^^^^^^^^^^^^^^^^^^^^^^\n  File \"C:\\Users\\volod\\efmobile-ui-tests\\efmobile-ui-tests\\.venv\\Lib\\site-packages\\selenium\\webdriver\\support\\wait.py\", line 129, in until\n    value = method(self._driver)\n  File \"C:\\Users\\volod\\efmobile-ui-tests\\efmobile-ui-tests\\.venv\\Lib\\site-packages\\selenium\\webdriver\\support\\expected_conditions.py\", line 104, in _predicate\n    return driver.find_element(*locator)\n           ~~~~~~~~~~~~~~~~~~~^^^^^^^^^^\n  File \"C:\\Users\\volod\\efmobile-ui-tests\\efmobile-ui-tests\\.venv\\Lib\\site-packages\\selenium\\webdriver\\remote\\webdriver.py\", line 926, in find_element\n    return self.execute(Command.FIND_ELEMENT, {\"using\": by, \"value\": value})[\"value\"]\n           ~~~~~~~~~~~~^^^^^^^^^^^^^^^^^^^^^^^^^^^^^^^^^^^^^^^^^^^^^^^^^^^^^\n  File \"C:\\Users\\volod\\efmobile-ui-tests\\efmobile-ui-tests\\.venv\\Lib\\site-packages\\selenium\\webdriver\\remote\\webdriver.py\", line 458, in execute\n    self.error_handler.check_response(response)\n    ~~~~~~~~~~~~~~~~~~~~~~~~~~~~~~~~~^^^^^^^^^^\n  File \"C:\\Users\\volod\\efmobile-ui-tests\\efmobile-ui-tests\\.venv\\Lib\\site-packages\\selenium\\webdriver\\remote\\errorhandler.py\", line 233, in check_response\n    raise exception_class(message, screen, stacktrace)\n"}, "parameters": [{"name": "locator", "value": "('xpath', '//div[@data-elem-id=\"1680606406485\"]/a')"}], "start": 1762412729895, "stop": 1762412729895}], "parameters": [{"name": "locator", "value": "('xpath', '//div[@data-elem-id=\"1680606406485\"]/a')"}], "start": 1762412729895, "stop": 1762412729899}], "start": 1762412729894, "stop": 1762412729900}], "start": 1762412729894, "stop": 1762412729902, "uuid": "f7fb2912-5e04-4627-8047-e9ff574b0e34", "historyId": "1183ad5602917b31a954c88b305c0116", "testCaseId": "1183ad5602917b31a954c88b305c0116", "fullName": "tests.test_navigation.TestMainPage#test_opens_services_section", "labels": [{"name": "parentSuite", "value": "tests"}, {"name": "suite", "value": "test_navigation"}, {"name": "subSuite", "value": "TestMainPage"}, {"name": "host", "value": "kapee-pc"}, {"name": "thread", "value": "18796-MainThread"}, {"name": "framework", "value": "pytest"}, {"name": "language", "value": "cpython3"}, {"name": "package", "value": "tests.test_navigation"}], "titlePath": ["tests", "test_navigation.py", "TestMainPage"]}